<?xml version="1.0" encoding="UTF-8"?>
<!-- Generated by org.testng.reporters.JUnitReportReporter -->
<testsuite hostname="PrasadAndhugula" name="base.Unlock" tests="1" failures="0" timestamp="13 Jul 2015 11:33:06 GMT" time="6.944" errors="0">
  <testcase name="test" time="6.944" classname="base.Unlock"/>
</testsuite> <!-- base.Unlock -->
