<?xml version="1.0" encoding="UTF-8"?>
<!-- Generated by org.testng.reporters.JUnitReportReporter -->
<testsuite hostname="ML-AmarendraG-PC" name="scripts.DriverScriptTest" tests="1" failures="0" timestamp="2 Aug 2016 06:47:31 GMT" time="75.944" errors="0">
  <testcase name="controlscript" time="75.944" classname="scripts.DriverScriptTest"/>
</testsuite> <!-- scripts.DriverScriptTest -->
